E0526 13:08:06.858661 140440583603968 _logging.py:64] [Errno 111] Connection refused - goodbye
E0526 13:08:06.859195 140440583603968 _logging.py:64] error from callback <bound method Robot.on_close of <rlproject.toolkits.communication.Robot object at 0x7fbadfc5ca30>>: on_close() takes 2 positional arguments but 4 were given
/home/howard/anaconda3/envs/rlpd/lib/python3.9/site-packages/gym/spaces/box.py:73: UserWarning: [33mWARN: Box bound precision lowered by casting to float32
  logger.warn(
I0526 13:08:09.143986 140442040780352 xla_bridge.py:455] Unable to initialize backend 'rocm': NOT_FOUND: Could not find registered platform with name: "rocm". Available platform names are: CUDA Interpreter Host
I0526 13:08:09.183061 140442040780352 xla_bridge.py:455] Unable to initialize backend 'tpu': module 'jaxlib.xla_extension' has no attribute 'get_tpu_client'
I0526 13:08:09.213974 140442040780352 xla_bridge.py:455] Unable to initialize backend 'plugin': xla_extension has no attributes named get_plugin_device_client. Compile TensorFlow with //tensorflow/compiler/xla/python:enable_plugin_device set to true (defaults to false) to enable this.
Environment Ready!!
CustomEnv Environment initialized
0it [00:00, ?it/s]
  0%|                                                                                                                                                                                                    | 0/1000001 [00:00<?, ?it/s]
Traceback (most recent call last):
  File "/home/howard/RLproject/train_finetuning.py", line 230, in <module>
    app.run(main)
  File "/home/howard/anaconda3/envs/rlpd/lib/python3.9/site-packages/absl/app.py", line 308, in run
    _run_main(main, args)
  File "/home/howard/anaconda3/envs/rlpd/lib/python3.9/site-packages/absl/app.py", line 254, in _run_main
    sys.exit(main(argv))
  File "/home/howard/RLproject/train_finetuning.py", line 158, in main
    next_observation, reward, done, info = env.step(action)
  File "/home/howard/anaconda3/envs/rlpd/lib/python3.9/site-packages/gym/wrappers/record_episode_statistics.py", line 26, in step
    observations, rewards, dones, infos = super(RecordEpisodeStatistics, self).step(
  File "/home/howard/anaconda3/envs/rlpd/lib/python3.9/site-packages/gym/core.py", line 289, in step
    return self.env.step(action)
  File "/home/howard/anaconda3/envs/rlpd/lib/python3.9/site-packages/gym/core.py", line 349, in step
    return self.env.step(self.action(action))
  File "/home/howard/anaconda3/envs/rlpd/lib/python3.9/site-packages/gym/core.py", line 349, in step
    return self.env.step(self.action(action))
  File "/home/howard/anaconda3/envs/rlpd/lib/python3.9/site-packages/gym/core.py", line 289, in step
    return self.env.step(action)
  File "/home/howard/anaconda3/envs/rlpd/lib/python3.9/site-packages/gym/core.py", line 323, in step
    observation, reward, done, info = self.env.step(action)
  File "/home/howard/anaconda3/envs/rlpd/lib/python3.9/site-packages/gym/wrappers/order_enforcing.py", line 11, in step
    observation, reward, done, info = self.env.step(action)
  File "/home/howard/RLproject/rlproject/envs/rlproject_env.py", line 40, in step
    observation = [np.rand.random() for _ in range(5)]
  File "/home/howard/RLproject/rlproject/envs/rlproject_env.py", line 40, in <listcomp>
    observation = [np.rand.random() for _ in range(5)]
  File "/home/howard/anaconda3/envs/rlpd/lib/python3.9/site-packages/numpy/__init__.py", line 320, in __getattr__
    raise AttributeError("module {!r} has no attribute "
AttributeError: module 'numpy' has no attribute 'rand'
CustomEnv Environment reset
Exception ignored in: <module 'threading' from '/home/howard/anaconda3/envs/rlpd/lib/python3.9/threading.py'>
Traceback (most recent call last):
  File "/home/howard/anaconda3/envs/rlpd/lib/python3.9/threading.py", line 1477, in _shutdown
    lock.acquire()
KeyboardInterrupt: