
I0531 21:06:28.496487 140184829232896 _logging.py:76] Websocket connected
Environment Ready!!
CustomEnv Environment initialized
For debug - env created
For debug - ds created
/home/howard/anaconda3/envs/rlpd/lib/python3.9/site-packages/gym/spaces/box.py:73: UserWarning: [33mWARN: Box bound precision lowered by casting to float32
  logger.warn(
I0531 21:06:30.918019 140186286405184 xla_bridge.py:455] Unable to initialize backend 'rocm': NOT_FOUND: Could not find registered platform with name: "rocm". Available platform names are: Host Interpreter CUDA
I0531 21:06:30.938264 140186286405184 xla_bridge.py:455] Unable to initialize backend 'tpu': module 'jaxlib.xla_extension' has no attribute 'get_tpu_client'
I0531 21:06:30.953105 140186286405184 xla_bridge.py:455] Unable to initialize backend 'plugin': xla_extension has no attributes named get_plugin_device_client. Compile TensorFlow with //tensorflow/compiler/xla/python:enable_plugin_device set to true (defaults to false) to enable this.
For debug - agent created
For debug - replay_buffer created
For debug - random action
For debug - action [ 0.57042538 -0.8543748  -0.84699772] <class 'numpy.ndarray'>
For debug - random action
For debug - action [ 0.97075284  0.41382065 -0.42339356] <class 'numpy.ndarray'>
For debug - random action
For debug - action [ 0.36965364 -0.66737005 -0.33563546] <class 'numpy.ndarray'>
For debug - random action
For debug - action [-0.50525731 -0.5285386   0.15952658] <class 'numpy.ndarray'>
For debug - random action
For debug - action [-0.3887706  -0.19275449 -0.1680054 ] <class 'numpy.ndarray'>
For debug - observation [-1.2100263e-04  2.2189815e-01 -8.9962791e+01 -2.1836047e-01
 -9.3957655e-02] (5,) <class 'numpy.ndarray'>
0it [00:00, ?it/s]
  0%|                                                                                                                                                                | 0/11 [00:00<?, ?it/s]
For debug - sample action
For debug - action [-0.9999995   0.99999994 -0.99893254] <class 'numpy.ndarray'>
For debug - observation [-2.9170193e-02  1.9426361e-01 -1.1959311e+02 -2.5163993e-01
 -1.2969927e-01] (5,) <class 'numpy.ndarray'>
For debug - sample action
 55%|â–ˆâ–ˆâ–ˆâ–ˆâ–ˆâ–ˆâ–ˆâ–ˆâ–ˆâ–ˆâ–ˆâ–ˆâ–ˆâ–ˆâ–ˆâ–ˆâ–ˆâ–ˆâ–ˆâ–ˆâ–ˆâ–ˆâ–ˆâ–ˆâ–ˆâ–ˆâ–ˆâ–ˆâ–ˆâ–ˆâ–ˆâ–ˆâ–ˆâ–ˆâ–ˆâ–ˆâ–ˆâ–ˆâ–ˆâ–ˆâ–ˆâ–ˆâ–ˆâ–ˆâ–ˆâ–ˆâ–ˆâ–ˆâ–ˆâ–ˆâ–ˆâ–ˆâ–ˆâ–ˆâ–ˆâ–ˆâ–ˆâ–ˆâ–ˆâ–ˆâ–ˆâ–ˆâ–ˆâ–ˆâ–ˆâ–ˆâ–ˆâ–ˆâ–ˆâ–ˆâ–ˆâ–ˆâ–ˆâ–ˆâ–ˆâ–ˆâ–ˆâ–ˆâ–ˆâ–ˆâ–ˆâ–ˆâ–‰                                                                     | 6/11 [00:05<00:04,  1.14it/s]
Traceback (most recent call last):
  File "/home/howard/RLproject/train_finetuning.py", line 266, in <module>
    app.run(main)
  File "/home/howard/anaconda3/envs/rlpd/lib/python3.9/site-packages/absl/app.py", line 308, in run
    _run_main(main, args)
  File "/home/howard/anaconda3/envs/rlpd/lib/python3.9/site-packages/absl/app.py", line 254, in _run_main
    sys.exit(main(argv))
  File "/home/howard/RLproject/train_finetuning.py", line 191, in main
    next_observation, reward, done, info = env.step(action)
  File "/home/howard/anaconda3/envs/rlpd/lib/python3.9/site-packages/gym/wrappers/record_episode_statistics.py", line 26, in step
    observations, rewards, dones, infos = super(RecordEpisodeStatistics, self).step(
  File "/home/howard/anaconda3/envs/rlpd/lib/python3.9/site-packages/gym/core.py", line 289, in step
    return self.env.step(action)
  File "/home/howard/anaconda3/envs/rlpd/lib/python3.9/site-packages/gym/core.py", line 349, in step
    return self.env.step(self.action(action))
  File "/home/howard/anaconda3/envs/rlpd/lib/python3.9/site-packages/gym/core.py", line 349, in step
    return self.env.step(self.action(action))
  File "/home/howard/anaconda3/envs/rlpd/lib/python3.9/site-packages/gym/wrappers/rescale_action.py", line 37, in action
    assert np.all(np.greater_equal(action, self.min_action)), (
AssertionError: (array([nan, nan, nan]), array([-1., -1., -1.]))
Exception ignored in: <module 'threading' from '/home/howard/anaconda3/envs/rlpd/lib/python3.9/threading.py'>
Traceback (most recent call last):
  File "/home/howard/anaconda3/envs/rlpd/lib/python3.9/threading.py", line 1477, in _shutdown
    lock.acquire()
KeyboardInterrupt: