
I0531 21:00:13.148414 139835461379840 _logging.py:76] Websocket connected
Environment Ready!!
CustomEnv Environment initialized
For debug - env created
For debug - ds created
/home/howard/anaconda3/envs/rlpd/lib/python3.9/site-packages/gym/spaces/box.py:73: UserWarning: [33mWARN: Box bound precision lowered by casting to float32
  logger.warn(
I0531 21:00:15.682116 139836918552128 xla_bridge.py:455] Unable to initialize backend 'rocm': NOT_FOUND: Could not find registered platform with name: "rocm". Available platform names are: Interpreter Host CUDA
I0531 21:00:15.695613 139836918552128 xla_bridge.py:455] Unable to initialize backend 'tpu': module 'jaxlib.xla_extension' has no attribute 'get_tpu_client'
I0531 21:00:15.696082 139836918552128 xla_bridge.py:455] Unable to initialize backend 'plugin': xla_extension has no attributes named get_plugin_device_client. Compile TensorFlow with //tensorflow/compiler/xla/python:enable_plugin_device set to true (defaults to false) to enable this.
For debug - agent created
For debug - replay_buffer created
For debug - random action
For debug - action [ 0.16169903 -0.21707482  0.18388375] <class 'numpy.ndarray'>
For debug - random action
For debug - action [0.0293899  0.12981914 0.54529215] <class 'numpy.ndarray'>
For debug - random action
For debug - action [-0.50033162 -0.46776895 -0.73869743] <class 'numpy.ndarray'>
For debug - random action
For debug - action [-0.60048871  0.51154585 -0.82447944] <class 'numpy.ndarray'>
For debug - random action
For debug - action [-0.73340911 -0.06189195  0.02187481] <class 'numpy.ndarray'>
For debug - observation [  0.1490941    0.27833015 140.0293      10.          10.        ] (5,) <class 'numpy.ndarray'>
0it [00:00, ?it/s]
 18%|â–ˆâ–ˆâ–ˆâ–ˆâ–ˆâ–ˆâ–ˆâ–ˆâ–ˆâ–ˆâ–ˆâ–ˆâ–ˆâ–ˆâ–ˆâ–ˆâ–ˆâ–ˆâ–ˆâ–ˆâ–ˆâ–ˆâ–ˆâ–ˆâ–ˆâ–ˆâ–ˆâ–‹                                                                                                                            | 2/11 [00:00<00:00, 17.33it/s]
For debug - sample action
For debug - action [ 0.9999998   0.99991775 -0.99999994] <class 'numpy.ndarray'>
For debug - observation [1.2590751e-01 2.6296073e-01 1.4000450e+02 1.0000000e+01 1.0000000e+01] (5,) <class 'numpy.ndarray'>
For debug - sample action
 55%|â–ˆâ–ˆâ–ˆâ–ˆâ–ˆâ–ˆâ–ˆâ–ˆâ–ˆâ–ˆâ–ˆâ–ˆâ–ˆâ–ˆâ–ˆâ–ˆâ–ˆâ–ˆâ–ˆâ–ˆâ–ˆâ–ˆâ–ˆâ–ˆâ–ˆâ–ˆâ–ˆâ–ˆâ–ˆâ–ˆâ–ˆâ–ˆâ–ˆâ–ˆâ–ˆâ–ˆâ–ˆâ–ˆâ–ˆâ–ˆâ–ˆâ–ˆâ–ˆâ–ˆâ–ˆâ–ˆâ–ˆâ–ˆâ–ˆâ–ˆâ–ˆâ–ˆâ–ˆâ–ˆâ–ˆâ–ˆâ–ˆâ–ˆâ–ˆâ–ˆâ–ˆâ–ˆâ–ˆâ–ˆâ–ˆâ–ˆâ–ˆâ–ˆâ–ˆâ–ˆâ–ˆâ–ˆâ–ˆâ–ˆâ–ˆâ–ˆâ–ˆâ–ˆâ–ˆâ–ˆâ–ˆâ–ˆâ–‰                                                                     | 6/11 [00:05<00:04,  1.11it/s]
Traceback (most recent call last):
  File "/home/howard/RLproject/train_finetuning.py", line 262, in <module>
    app.run(main)
  File "/home/howard/anaconda3/envs/rlpd/lib/python3.9/site-packages/absl/app.py", line 308, in run
    _run_main(main, args)
  File "/home/howard/anaconda3/envs/rlpd/lib/python3.9/site-packages/absl/app.py", line 254, in _run_main
    sys.exit(main(argv))
  File "/home/howard/RLproject/train_finetuning.py", line 187, in main
    next_observation, reward, done, info = env.step(action)
  File "/home/howard/anaconda3/envs/rlpd/lib/python3.9/site-packages/gym/wrappers/record_episode_statistics.py", line 26, in step
    observations, rewards, dones, infos = super(RecordEpisodeStatistics, self).step(
  File "/home/howard/anaconda3/envs/rlpd/lib/python3.9/site-packages/gym/core.py", line 289, in step
    return self.env.step(action)
  File "/home/howard/anaconda3/envs/rlpd/lib/python3.9/site-packages/gym/core.py", line 349, in step
    return self.env.step(self.action(action))
  File "/home/howard/anaconda3/envs/rlpd/lib/python3.9/site-packages/gym/core.py", line 349, in step
    return self.env.step(self.action(action))
  File "/home/howard/anaconda3/envs/rlpd/lib/python3.9/site-packages/gym/wrappers/rescale_action.py", line 37, in action
    assert np.all(np.greater_equal(action, self.min_action)), (
AssertionError: (array([nan, nan, nan]), array([-1., -1., -1.]))
Exception ignored in: <module 'threading' from '/home/howard/anaconda3/envs/rlpd/lib/python3.9/threading.py'>
Traceback (most recent call last):
  File "/home/howard/anaconda3/envs/rlpd/lib/python3.9/threading.py", line 1477, in _shutdown
    lock.acquire()
KeyboardInterrupt: