
I0531 18:14:33.987457 139732421318400 _logging.py:76] Websocket connected
Environment Ready!!
CustomEnv Environment initialized
For debug - env created
For debug - ds created
/home/howard/anaconda3/envs/rlpd/lib/python3.9/site-packages/gym/spaces/box.py:73: UserWarning: [33mWARN: Box bound precision lowered by casting to float32
  logger.warn(
I0531 18:14:36.544320 139732562884160 xla_bridge.py:455] Unable to initialize backend 'rocm': NOT_FOUND: Could not find registered platform with name: "rocm". Available platform names are: CUDA Host Interpreter
I0531 18:14:36.574454 139732562884160 xla_bridge.py:455] Unable to initialize backend 'tpu': module 'jaxlib.xla_extension' has no attribute 'get_tpu_client'
I0531 18:14:36.581773 139732562884160 xla_bridge.py:455] Unable to initialize backend 'plugin': xla_extension has no attributes named get_plugin_device_client. Compile TensorFlow with //tensorflow/compiler/xla/python:enable_plugin_device set to true (defaults to false) to enable this.
For debug - agent created
For debug - replay_buffer created
state:  [-0.00046948055281764126 0.2208380364580272 -89.96353233386398 None None]
stage.py - found no cube
using previous state and goal
state:  [-0.00046948055281764126 0.2208380364580272 -89.96353233386398 None None]
stage.py - found no cube
using previous state and goal
0it [00:00, ?it/s]
  0%|‚ñè                                                                                                                                             | 1/1001 [00:00<02:00,  8.33it/s]
Traceback (most recent call last):
  File "/home/howard/RLproject/train_finetuning.py", line 261, in <module>
    app.run(main)
  File "/home/howard/anaconda3/envs/rlpd/lib/python3.9/site-packages/absl/app.py", line 308, in run
    _run_main(main, args)
  File "/home/howard/anaconda3/envs/rlpd/lib/python3.9/site-packages/absl/app.py", line 254, in _run_main
    sys.exit(main(argv))
  File "/home/howard/RLproject/train_finetuning.py", line 186, in main
    next_observation, reward, done, info = env.step(action)
  File "/home/howard/anaconda3/envs/rlpd/lib/python3.9/site-packages/gym/wrappers/record_episode_statistics.py", line 26, in step
    observations, rewards, dones, infos = super(RecordEpisodeStatistics, self).step(
  File "/home/howard/anaconda3/envs/rlpd/lib/python3.9/site-packages/gym/core.py", line 289, in step
    return self.env.step(action)
  File "/home/howard/anaconda3/envs/rlpd/lib/python3.9/site-packages/gym/core.py", line 349, in step
    return self.env.step(self.action(action))
  File "/home/howard/anaconda3/envs/rlpd/lib/python3.9/site-packages/gym/core.py", line 349, in step
    return self.env.step(self.action(action))
  File "/home/howard/anaconda3/envs/rlpd/lib/python3.9/site-packages/gym/core.py", line 289, in step
    return self.env.step(action)
  File "/home/howard/anaconda3/envs/rlpd/lib/python3.9/site-packages/gym/core.py", line 323, in step
    observation, reward, done, info = self.env.step(action)
  File "/home/howard/anaconda3/envs/rlpd/lib/python3.9/site-packages/gym/wrappers/order_enforcing.py", line 11, in step
    observation, reward, done, info = self.env.step(action)
  File "/home/howard/RLproject/rlproject/envs/rlproject_env.py", line 47, in step
    state, current_goal, current_stage = stage_update(state)
  File "/home/howard/RLproject/rlproject/toolkits/stage.py", line 52, in stage_update
    return state, previous_goal, previous_stage
UnboundLocalError: local variable 'previous_goal' referenced before assignment
Exception ignored in: <module 'threading' from '/home/howard/anaconda3/envs/rlpd/lib/python3.9/threading.py'>
Traceback (most recent call last):
  File "/home/howard/anaconda3/envs/rlpd/lib/python3.9/threading.py", line 1477, in _shutdown
    lock.acquire()
KeyboardInterrupt: