
I0531 21:52:32.871653 139889690699520 _logging.py:76] Websocket connected
Environment Ready!!
CustomEnv Environment initialized
For debug - env created
For debug - ds created
/home/howard/anaconda3/envs/rlpd/lib/python3.9/site-packages/gym/spaces/box.py:73: UserWarning: [33mWARN: Box bound precision lowered by casting to float32
  logger.warn(
I0531 21:52:35.323342 139891349239360 xla_bridge.py:455] Unable to initialize backend 'rocm': NOT_FOUND: Could not find registered platform with name: "rocm". Available platform names are: CUDA Interpreter Host
I0531 21:52:35.353491 139891349239360 xla_bridge.py:455] Unable to initialize backend 'tpu': module 'jaxlib.xla_extension' has no attribute 'get_tpu_client'
I0531 21:52:35.361644 139891349239360 xla_bridge.py:455] Unable to initialize backend 'plugin': xla_extension has no attributes named get_plugin_device_client. Compile TensorFlow with //tensorflow/compiler/xla/python:enable_plugin_device set to true (defaults to false) to enable this.
For debug - agent created
For debug - replay_buffer created


 20%|‚ñà‚ñà‚ñà‚ñà‚ñà‚ñà‚ñà‚ñà‚ñà‚ñà‚ñà‚ñà‚ñà‚ñà‚ñà‚ñà‚ñà‚ñà‚ñà‚ñà‚ñà‚ñà‚ñà‚ñà‚ñà‚ñà‚ñà‚ñà‚ñà‚ñà‚ñç                                                                                                                         | 2/10 [00:07<00:28,  3.53s/it]
For debug - random action
For debug - action [-0.254458   -0.16518876 -0.09920453] <class 'numpy.ndarray'>
For debug - random action
100%|‚ñà‚ñà‚ñà‚ñà‚ñà‚ñà‚ñà‚ñà‚ñà‚ñà‚ñà‚ñà‚ñà‚ñà‚ñà‚ñà‚ñà‚ñà‚ñà‚ñà‚ñà‚ñà‚ñà‚ñà‚ñà‚ñà‚ñà‚ñà‚ñà‚ñà‚ñà‚ñà‚ñà‚ñà‚ñà‚ñà‚ñà‚ñà‚ñà‚ñà‚ñà‚ñà‚ñà‚ñà‚ñà‚ñà‚ñà‚ñà‚ñà‚ñà‚ñà‚ñà‚ñà‚ñà‚ñà‚ñà‚ñà‚ñà‚ñà‚ñà‚ñà‚ñà‚ñà‚ñà‚ñà‚ñà‚ñà‚ñà‚ñà‚ñà‚ñà‚ñà‚ñà‚ñà‚ñà‚ñà‚ñà‚ñà‚ñà‚ñà‚ñà‚ñà‚ñà‚ñà‚ñà‚ñà‚ñà‚ñà‚ñà‚ñà‚ñà‚ñà‚ñà‚ñà‚ñà‚ñà‚ñà‚ñà‚ñà‚ñà‚ñà‚ñà‚ñà‚ñà‚ñà‚ñà‚ñà‚ñà‚ñà‚ñà‚ñà‚ñà‚ñà‚ñà‚ñà‚ñà‚ñà‚ñà‚ñà‚ñà‚ñà‚ñà‚ñà‚ñà‚ñà‚ñà‚ñà‚ñà‚ñà‚ñà‚ñà‚ñà‚ñà‚ñà‚ñà‚ñà‚ñà‚ñà‚ñà‚ñà‚ñà‚ñà‚ñà‚ñà‚ñà‚ñà‚ñà‚ñà‚ñà‚ñà‚ñà| 10/10 [00:09<00:00,  1.02it/s]
  9%|‚ñà‚ñà‚ñà‚ñà‚ñà‚ñà‚ñà‚ñà‚ñà‚ñà‚ñà‚ñà‚ñà‚ñä                                                                                                                                          | 1/11 [00:00<00:02,  4.05it/s]
For debug - random action
For debug - action [ 0.34235428 -0.96678129  0.72988157] <class 'numpy.ndarray'>
For debug - random action
For debug - action [ 0.58265528  0.28621597 -0.64953824] <class 'numpy.ndarray'>
For debug - random action
For debug - action [-0.25721079 -0.62716634 -0.35515072] <class 'numpy.ndarray'>
For debug - observation [  0.1500407    0.15412425 140.78146     10.          10.        ] (5,) <class 'numpy.ndarray'>
For debug - sample action
 45%|‚ñà‚ñà‚ñà‚ñà‚ñà‚ñà‚ñà‚ñà‚ñà‚ñà‚ñà‚ñà‚ñà‚ñà‚ñà‚ñà‚ñà‚ñà‚ñà‚ñà‚ñà‚ñà‚ñà‚ñà‚ñà‚ñà‚ñà‚ñà‚ñà‚ñà‚ñà‚ñà‚ñà‚ñà‚ñà‚ñà‚ñà‚ñà‚ñà‚ñà‚ñà‚ñà‚ñà‚ñà‚ñà‚ñà‚ñà‚ñà‚ñà‚ñà‚ñà‚ñà‚ñà‚ñà‚ñà‚ñà‚ñà‚ñà‚ñà‚ñà‚ñà‚ñà‚ñà‚ñà‚ñà‚ñà‚ñà‚ñà‚ñà                                                                                   | 5/11 [00:02<00:02,  2.43it/s]
Traceback (most recent call last):
  File "/home/howard/RLproject/train_finetuning.py", line 274, in <module>
    app.run(main)
  File "/home/howard/anaconda3/envs/rlpd/lib/python3.9/site-packages/absl/app.py", line 308, in run
    _run_main(main, args)
  File "/home/howard/anaconda3/envs/rlpd/lib/python3.9/site-packages/absl/app.py", line 254, in _run_main
    sys.exit(main(argv))
  File "/home/howard/RLproject/train_finetuning.py", line 194, in main
    next_observation, reward, done, info = env.step(action)
  File "/home/howard/anaconda3/envs/rlpd/lib/python3.9/site-packages/gym/wrappers/record_episode_statistics.py", line 26, in step
    observations, rewards, dones, infos = super(RecordEpisodeStatistics, self).step(
  File "/home/howard/anaconda3/envs/rlpd/lib/python3.9/site-packages/gym/core.py", line 289, in step
    return self.env.step(action)
  File "/home/howard/anaconda3/envs/rlpd/lib/python3.9/site-packages/gym/core.py", line 349, in step
    return self.env.step(self.action(action))
  File "/home/howard/anaconda3/envs/rlpd/lib/python3.9/site-packages/gym/core.py", line 349, in step
    return self.env.step(self.action(action))
  File "/home/howard/anaconda3/envs/rlpd/lib/python3.9/site-packages/gym/wrappers/rescale_action.py", line 37, in action
    assert np.all(np.greater_equal(action, self.min_action)), (
AssertionError: (array([nan, nan, nan]), array([-1., -1., -1.]))
Exception ignored in: <module 'threading' from '/home/howard/anaconda3/envs/rlpd/lib/python3.9/threading.py'>
Traceback (most recent call last):
  File "/home/howard/anaconda3/envs/rlpd/lib/python3.9/threading.py", line 1477, in _shutdown
    lock.acquire()
KeyboardInterrupt: